<?xml version="1.0" encoding="UTF-8"?>
<coverage generated="1617090505">
  <project timestamp="1617090505">
    <file name="/Users/wangbinghua/github/press/lib/Application.php">
      <class name="Press\Application" namespace="global">
        <metrics complexity="13" methods="9" coveredmethods="6" conditionals="0" coveredconditionals="0" statements="76" coveredstatements="57" elements="85" coveredelements="63"/>
      </class>
      <line num="45" type="method" name="__construct" visibility="public" complexity="1" crap="1" count="131"/>
      <line num="47" type="stmt" count="131"/>
      <line num="48" type="stmt" count="131"/>
      <line num="49" type="stmt" count="131"/>
      <line num="50" type="stmt" count="131"/>
      <line num="51" type="stmt" count="131"/>
      <line num="53" type="stmt" count="131"/>
      <line num="54" type="stmt" count="131"/>
      <line num="55" type="stmt" count="131"/>
      <line num="56" type="stmt" count="131"/>
      <line num="57" type="stmt" count="131"/>
      <line num="59" type="method" name="listen" visibility="public" complexity="3" crap="12" count="0"/>
      <line num="61" type="stmt" count="0"/>
      <line num="62" type="stmt" count="0"/>
      <line num="63" type="stmt" count="0"/>
      <line num="65" type="stmt" count="0"/>
      <line num="68" type="stmt" count="0"/>
      <line num="69" type="stmt" count="0"/>
      <line num="71" type="stmt" count="0"/>
      <line num="72" type="stmt" count="0"/>
      <line num="73" type="stmt" count="0"/>
      <line num="75" type="stmt" count="0"/>
      <line num="76" type="stmt" count="0"/>
      <line num="77" type="stmt" count="0"/>
      <line num="79" type="stmt" count="0"/>
      <line num="80" type="stmt" count="0"/>
      <line num="83" type="stmt" count="0"/>
      <line num="84" type="stmt" count="0"/>
      <line num="86" type="method" name="callback" visibility="public" complexity="1" crap="1" count="7"/>
      <line num="88" type="stmt" count="7"/>
      <line num="89" type="stmt" count="7"/>
      <line num="91" type="stmt" count="7"/>
      <line num="93" type="stmt" count="7"/>
      <line num="94" type="stmt" count="7"/>
      <line num="95" type="stmt" count="7"/>
      <line num="96" type="stmt" count="7"/>
      <line num="97" type="stmt" count="7"/>
      <line num="100" type="method" name="use" visibility="public" complexity="3" crap="3.33" count="7"/>
      <line num="102" type="stmt" count="7"/>
      <line num="103" type="stmt" count="0"/>
      <line num="106" type="stmt" count="7"/>
      <line num="107" type="stmt" count="0"/>
      <line num="110" type="stmt" count="7"/>
      <line num="111" type="stmt" count="7"/>
      <line num="114" type="method" name="createContext" visibility="public" complexity="1" crap="1" count="131"/>
      <line num="116" type="stmt" count="131"/>
      <line num="117" type="stmt" count="131"/>
      <line num="118" type="stmt" count="131"/>
      <line num="120" type="stmt" count="131"/>
      <line num="121" type="stmt" count="131"/>
      <line num="122" type="stmt" count="131"/>
      <line num="123" type="stmt" count="131"/>
      <line num="124" type="stmt" count="131"/>
      <line num="125" type="stmt" count="131"/>
      <line num="126" type="stmt" count="131"/>
      <line num="127" type="stmt" count="131"/>
      <line num="129" type="stmt" count="131"/>
      <line num="130" type="stmt" count="131"/>
      <line num="132" type="stmt" count="131"/>
      <line num="135" type="method" name="updateReq" visibility="public" complexity="1" crap="1" count="69"/>
      <line num="137" type="stmt" count="69"/>
      <line num="138" type="stmt" count="69"/>
      <line num="139" type="stmt" count="69"/>
      <line num="141" type="stmt" count="69"/>
      <line num="142" type="stmt" count="69"/>
      <line num="144" type="method" name="updateRes" visibility="public" complexity="1" crap="1" count="48"/>
      <line num="146" type="stmt" count="48"/>
      <line num="147" type="stmt" count="48"/>
      <line num="148" type="stmt" count="48"/>
      <line num="150" type="stmt" count="48"/>
      <line num="151" type="stmt" count="48"/>
      <line num="153" type="method" name="handleRequest" visibility="private" complexity="1" crap="1" count="7"/>
      <line num="155" type="stmt" count="7"/>
      <line num="156" type="stmt" count="7"/>
      <line num="158" type="stmt" count="7"/>
      <line num="159" type="stmt" count="1"/>
      <line num="160" type="stmt" count="7"/>
      <line num="162" type="stmt" count="7"/>
      <line num="163" type="stmt" count="6"/>
      <line num="164" type="stmt" count="7"/>
      <line num="166" type="stmt" count="7"/>
      <line num="169" type="method" name="onerror" visibility="private" complexity="1" crap="1.04" count="7"/>
      <line num="171" type="stmt" count="7"/>
      <line num="172" type="stmt" count="0"/>
      <line num="173" type="stmt" count="7"/>
      <line num="177" type="stmt" count="1"/>
      <metrics loc="176" ncloc="176" classes="1" methods="9" coveredmethods="6" conditionals="0" coveredconditionals="0" statements="76" coveredstatements="57" elements="85" coveredelements="63"/>
    </file>
    <file name="/Users/wangbinghua/github/press/lib/Context.php">
      <class name="Press\Context" namespace="global">
        <metrics complexity="84" methods="5" coveredmethods="3" conditionals="0" coveredconditionals="0" statements="116" coveredstatements="108" elements="121" coveredelements="111"/>
      </class>
      <line num="56" type="method" name="__construct" visibility="public" complexity="1" crap="1" count="131"/>
      <line num="58" type="stmt" count="131"/>
      <line num="59" type="stmt" count="131"/>
      <line num="61" type="method" name="__get" visibility="public" complexity="33" crap="33" count="29"/>
      <line num="63" type="stmt" count="29"/>
      <line num="64" type="stmt" count="29"/>
      <line num="65" type="stmt" count="28"/>
      <line num="66" type="stmt" count="28"/>
      <line num="67" type="stmt" count="28"/>
      <line num="68" type="stmt" count="27"/>
      <line num="69" type="stmt" count="27"/>
      <line num="70" type="stmt" count="25"/>
      <line num="71" type="stmt" count="24"/>
      <line num="72" type="stmt" count="14"/>
      <line num="73" type="stmt" count="14"/>
      <line num="74" type="stmt" count="13"/>
      <line num="75" type="stmt" count="12"/>
      <line num="76" type="stmt" count="12"/>
      <line num="77" type="stmt" count="12"/>
      <line num="78" type="stmt" count="12"/>
      <line num="79" type="stmt" count="12"/>
      <line num="80" type="stmt" count="12"/>
      <line num="81" type="stmt" count="12"/>
      <line num="82" type="stmt" count="12"/>
      <line num="83" type="stmt" count="12"/>
      <line num="84" type="stmt" count="12"/>
      <line num="85" type="stmt" count="12"/>
      <line num="86" type="stmt" count="12"/>
      <line num="87" type="stmt" count="28"/>
      <line num="88" type="stmt" count="12"/>
      <line num="89" type="stmt" count="7"/>
      <line num="90" type="stmt" count="7"/>
      <line num="91" type="stmt" count="2"/>
      <line num="92" type="stmt" count="2"/>
      <line num="93" type="stmt" count="2"/>
      <line num="94" type="stmt" count="2"/>
      <line num="95" type="stmt" count="2"/>
      <line num="96" type="stmt" count="11"/>
      <line num="98" type="stmt" count="2"/>
      <line num="102" type="method" name="__set" visibility="public" complexity="33" crap="33" count="30"/>
      <line num="104" type="stmt" count="30"/>
      <line num="105" type="stmt" count="30"/>
      <line num="106" type="stmt" count="27"/>
      <line num="107" type="stmt" count="27"/>
      <line num="108" type="stmt" count="27"/>
      <line num="109" type="stmt" count="24"/>
      <line num="110" type="stmt" count="24"/>
      <line num="111" type="stmt" count="21"/>
      <line num="112" type="stmt" count="20"/>
      <line num="113" type="stmt" count="16"/>
      <line num="114" type="stmt" count="16"/>
      <line num="115" type="stmt" count="16"/>
      <line num="116" type="stmt" count="16"/>
      <line num="117" type="stmt" count="16"/>
      <line num="118" type="stmt" count="16"/>
      <line num="119" type="stmt" count="16"/>
      <line num="120" type="stmt" count="16"/>
      <line num="121" type="stmt" count="16"/>
      <line num="122" type="stmt" count="16"/>
      <line num="123" type="stmt" count="11"/>
      <line num="124" type="stmt" count="11"/>
      <line num="125" type="stmt" count="11"/>
      <line num="126" type="stmt" count="11"/>
      <line num="127" type="stmt" count="11"/>
      <line num="128" type="stmt" count="20"/>
      <line num="129" type="stmt" count="20"/>
      <line num="130" type="stmt" count="11"/>
      <line num="131" type="stmt" count="7"/>
      <line num="132" type="stmt" count="7"/>
      <line num="133" type="stmt" count="7"/>
      <line num="134" type="stmt" count="7"/>
      <line num="135" type="stmt" count="2"/>
      <line num="136" type="stmt" count="2"/>
      <line num="137" type="stmt" count="2"/>
      <line num="138" type="stmt" count="11"/>
      <line num="139" type="stmt" count="11"/>
      <line num="141" type="stmt" count="2"/>
      <line num="143" type="stmt" count="30"/>
      <line num="145" type="method" name="__call" visibility="public" complexity="14" crap="15.12" count="43"/>
      <line num="147" type="stmt" count="43"/>
      <line num="148" type="stmt" count="5"/>
      <line num="149" type="stmt" count="38"/>
      <line num="150" type="stmt" count="4"/>
      <line num="151" type="stmt" count="34"/>
      <line num="152" type="stmt" count="5"/>
      <line num="153" type="stmt" count="29"/>
      <line num="154" type="stmt" count="9"/>
      <line num="155" type="stmt" count="20"/>
      <line num="156" type="stmt" count="1"/>
      <line num="157" type="stmt" count="19"/>
      <line num="158" type="stmt" count="6"/>
      <line num="159" type="stmt" count="13"/>
      <line num="160" type="stmt" count="0"/>
      <line num="161" type="stmt" count="13"/>
      <line num="162" type="stmt" count="0"/>
      <line num="163" type="stmt" count="13"/>
      <line num="164" type="stmt" count="1"/>
      <line num="165" type="stmt" count="13"/>
      <line num="166" type="stmt" count="3"/>
      <line num="167" type="stmt" count="10"/>
      <line num="168" type="stmt" count="2"/>
      <line num="169" type="stmt" count="10"/>
      <line num="170" type="stmt" count="10"/>
      <line num="171" type="stmt" count="0"/>
      <line num="172" type="stmt" count="0"/>
      <line num="174" type="stmt" count="0"/>
      <line num="177" type="stmt" count="13"/>
      <line num="180" type="method" name="onerror" visibility="public" complexity="3" crap="3.11" count="1"/>
      <line num="182" type="stmt" count="1"/>
      <line num="183" type="stmt" count="1"/>
      <line num="184" type="stmt" count="1"/>
      <line num="186" type="stmt" count="1"/>
      <line num="187" type="stmt" count="0"/>
      <line num="190" type="stmt" count="1"/>
      <line num="192" type="stmt" count="1"/>
      <line num="194" type="stmt" count="1"/>
      <line num="196" type="stmt" count="1"/>
      <line num="197" type="stmt" count="0"/>
      <line num="198" type="stmt" count="0"/>
      <line num="200" type="stmt" count="1"/>
      <line num="201" type="stmt" count="1"/>
      <line num="203" type="stmt" count="1"/>
      <metrics loc="202" ncloc="174" classes="1" methods="5" coveredmethods="3" conditionals="0" coveredconditionals="0" statements="116" coveredstatements="108" elements="121" coveredelements="111"/>
    </file>
    <file name="/Users/wangbinghua/github/press/lib/Request.php">
      <class name="Press\Request" namespace="global">
        <metrics complexity="117" methods="41" coveredmethods="31" conditionals="0" coveredconditionals="0" statements="219" coveredstatements="206" elements="260" coveredelements="237"/>
      </class>
      <line num="57" type="method" name="__get" visibility="public" complexity="26" crap="26" count="90"/>
      <line num="59" type="stmt" count="90"/>
      <line num="60" type="stmt" count="36"/>
      <line num="63" type="stmt" count="80"/>
      <line num="64" type="stmt" count="10"/>
      <line num="67" type="stmt" count="80"/>
      <line num="68" type="stmt" count="2"/>
      <line num="71" type="stmt" count="80"/>
      <line num="72" type="stmt" count="1"/>
      <line num="75" type="stmt" count="80"/>
      <line num="76" type="stmt" count="13"/>
      <line num="79" type="stmt" count="75"/>
      <line num="80" type="stmt" count="2"/>
      <line num="83" type="stmt" count="74"/>
      <line num="84" type="stmt" count="12"/>
      <line num="87" type="stmt" count="67"/>
      <line num="88" type="stmt" count="7"/>
      <line num="91" type="stmt" count="64"/>
      <line num="92" type="stmt" count="4"/>
      <line num="95" type="stmt" count="60"/>
      <line num="96" type="stmt" count="12"/>
      <line num="99" type="stmt" count="51"/>
      <line num="100" type="stmt" count="5"/>
      <line num="103" type="stmt" count="47"/>
      <line num="104" type="stmt" count="1"/>
      <line num="107" type="stmt" count="46"/>
      <line num="108" type="stmt" count="2"/>
      <line num="111" type="stmt" count="44"/>
      <line num="112" type="stmt" count="4"/>
      <line num="115" type="stmt" count="40"/>
      <line num="116" type="stmt" count="2"/>
      <line num="119" type="stmt" count="38"/>
      <line num="120" type="stmt" count="5"/>
      <line num="123" type="stmt" count="35"/>
      <line num="124" type="stmt" count="2"/>
      <line num="127" type="stmt" count="33"/>
      <line num="128" type="stmt" count="6"/>
      <line num="131" type="stmt" count="30"/>
      <line num="132" type="stmt" count="3"/>
      <line num="135" type="stmt" count="27"/>
      <line num="136" type="stmt" count="1"/>
      <line num="139" type="stmt" count="26"/>
      <line num="140" type="stmt" count="23"/>
      <line num="143" type="stmt" count="3"/>
      <line num="144" type="stmt" count="2"/>
      <line num="147" type="stmt" count="1"/>
      <line num="148" type="stmt" count="1"/>
      <line num="151" type="stmt" count="0"/>
      <line num="154" type="method" name="__set" visibility="public" complexity="12" crap="12" count="72"/>
      <line num="156" type="stmt" count="72"/>
      <line num="157" type="stmt" count="52"/>
      <line num="158" type="stmt" count="24"/>
      <line num="159" type="stmt" count="10"/>
      <line num="160" type="stmt" count="21"/>
      <line num="161" type="stmt" count="7"/>
      <line num="162" type="stmt" count="14"/>
      <line num="163" type="stmt" count="2"/>
      <line num="164" type="stmt" count="12"/>
      <line num="165" type="stmt" count="3"/>
      <line num="166" type="stmt" count="9"/>
      <line num="167" type="stmt" count="6"/>
      <line num="168" type="stmt" count="6"/>
      <line num="169" type="stmt" count="3"/>
      <line num="170" type="stmt" count="3"/>
      <line num="171" type="stmt" count="1"/>
      <line num="172" type="stmt" count="2"/>
      <line num="173" type="stmt" count="0"/>
      <line num="174" type="stmt" count="2"/>
      <line num="175" type="stmt" count="2"/>
      <line num="177" type="stmt" count="72"/>
      <line num="179" type="method" name="__call" visibility="public" complexity="1" crap="2" count="0"/>
      <line num="181" type="stmt" count="0"/>
      <line num="184" type="method" name="getHeader" visibility="private" complexity="1" crap="1" count="36"/>
      <line num="186" type="stmt" count="36"/>
      <line num="189" type="method" name="setHeader" visibility="private" complexity="3" crap="3" count="52"/>
      <line num="191" type="stmt" count="52"/>
      <line num="192" type="stmt" count="52"/>
      <line num="194" type="stmt" count="52"/>
      <line num="195" type="stmt" count="52"/>
      <line num="196" type="stmt" count="52"/>
      <line num="199" type="stmt" count="52"/>
      <line num="201" type="method" name="getUrl" visibility="private" complexity="2" crap="2" count="10"/>
      <line num="203" type="stmt" count="10"/>
      <line num="204" type="stmt" count="10"/>
      <line num="205" type="stmt" count="10"/>
      <line num="206" type="stmt" count="10"/>
      <line num="209" type="method" name="setUrl" visibility="private" complexity="2" crap="2" count="10"/>
      <line num="211" type="stmt" count="10"/>
      <line num="212" type="stmt" count="10"/>
      <line num="215" type="stmt" count="10"/>
      <line num="216" type="stmt" count="10"/>
      <line num="217" type="stmt" count="10"/>
      <line num="219" type="method" name="getOrigin" visibility="private" complexity="3" crap="3" count="2"/>
      <line num="221" type="stmt" count="2"/>
      <line num="222" type="stmt" count="2"/>
      <line num="223" type="stmt" count="2"/>
      <line num="224" type="stmt" count="2"/>
      <line num="227" type="stmt" count="2"/>
      <line num="230" type="method" name="getHref" visibility="private" complexity="2" crap="2.15" count="1"/>
      <line num="232" type="stmt" count="1"/>
      <line num="233" type="stmt" count="0"/>
      <line num="236" type="stmt" count="1"/>
      <line num="239" type="method" name="getMethod" visibility="private" complexity="1" crap="1" count="13"/>
      <line num="241" type="stmt" count="13"/>
      <line num="244" type="method" name="setMethod" visibility="private" complexity="1" crap="1" count="7"/>
      <line num="246" type="stmt" count="7"/>
      <line num="247" type="stmt" count="7"/>
      <line num="248" type="stmt" count="7"/>
      <line num="250" type="method" name="getHost" visibility="private" complexity="6" crap="6" count="12"/>
      <line num="252" type="stmt" count="12"/>
      <line num="253" type="stmt" count="12"/>
      <line num="255" type="stmt" count="12"/>
      <line num="256" type="stmt" count="2"/>
      <line num="259" type="stmt" count="12"/>
      <line num="260" type="stmt" count="10"/>
      <line num="261" type="stmt" count="3"/>
      <line num="263" type="stmt" count="10"/>
      <line num="264" type="stmt" count="8"/>
      <line num="268" type="stmt" count="12"/>
      <line num="269" type="stmt" count="2"/>
      <line num="272" type="stmt" count="11"/>
      <line num="273" type="stmt" count="11"/>
      <line num="276" type="method" name="getPath" visibility="private" complexity="1" crap="1" count="2"/>
      <line num="278" type="stmt" count="2"/>
      <line num="279" type="stmt" count="2"/>
      <line num="282" type="method" name="setPath" visibility="private" complexity="1" crap="1" count="2"/>
      <line num="284" type="stmt" count="2"/>
      <line num="285" type="stmt" count="2"/>
      <line num="286" type="stmt" count="2"/>
      <line num="287" type="stmt" count="2"/>
      <line num="289" type="method" name="getQuery" visibility="private" complexity="3" crap="3" count="14"/>
      <line num="291" type="stmt" count="14"/>
      <line num="292" type="stmt" count="14"/>
      <line num="294" type="stmt" count="14"/>
      <line num="295" type="stmt" count="3"/>
      <line num="298" type="stmt" count="14"/>
      <line num="301" type="method" name="setQuery" visibility="private" complexity="1" crap="1" count="3"/>
      <line num="303" type="stmt" count="3"/>
      <line num="304" type="stmt" count="3"/>
      <line num="305" type="stmt" count="3"/>
      <line num="307" type="method" name="getQuerystring" visibility="private" complexity="2" crap="2" count="7"/>
      <line num="309" type="stmt" count="7"/>
      <line num="310" type="stmt" count="7"/>
      <line num="312" type="stmt" count="7"/>
      <line num="313" type="stmt" count="6"/>
      <line num="316" type="stmt" count="7"/>
      <line num="319" type="method" name="setQuerystring" visibility="private" complexity="1" crap="1" count="6"/>
      <line num="321" type="stmt" count="6"/>
      <line num="322" type="stmt" count="6"/>
      <line num="323" type="stmt" count="6"/>
      <line num="325" type="method" name="getSearch" visibility="private" complexity="2" crap="2" count="4"/>
      <line num="327" type="stmt" count="4"/>
      <line num="328" type="stmt" count="1"/>
      <line num="331" type="stmt" count="3"/>
      <line num="334" type="method" name="setSearch" visibility="private" complexity="1" crap="1" count="3"/>
      <line num="336" type="stmt" count="3"/>
      <line num="337" type="stmt" count="3"/>
      <line num="339" type="method" name="getHostname" visibility="private" complexity="2" crap="6" count="0"/>
      <line num="341" type="stmt" count="0"/>
      <line num="342" type="stmt" count="0"/>
      <line num="345" type="stmt" count="0"/>
      <line num="348" type="method" name="getFresh" visibility="private" complexity="6" crap="6" count="5"/>
      <line num="350" type="stmt" count="5"/>
      <line num="351" type="stmt" count="5"/>
      <line num="353" type="stmt" count="5"/>
      <line num="354" type="stmt" count="1"/>
      <line num="358" type="stmt" count="4"/>
      <line num="359" type="stmt" count="3"/>
      <line num="362" type="stmt" count="1"/>
      <line num="365" type="method" name="getIdempotent" visibility="private" complexity="1" crap="1" count="2"/>
      <line num="367" type="stmt" count="2"/>
      <line num="368" type="stmt" count="2"/>
      <line num="371" type="method" name="getSocket" visibility="private" complexity="1" crap="2" count="0"/>
      <line num="374" type="stmt" count="0"/>
      <line num="376" type="method" name="getCharset" visibility="private" complexity="2" crap="2" count="4"/>
      <line num="379" type="stmt" count="4"/>
      <line num="380" type="stmt" count="2"/>
      <line num="381" type="stmt" count="2"/>
      <line num="382" type="stmt" count="2"/>
      <line num="386" type="method" name="getLength" visibility="private" complexity="1" crap="1" count="2"/>
      <line num="388" type="stmt" count="2"/>
      <line num="389" type="stmt" count="2"/>
      <line num="392" type="method" name="getProtocol" visibility="private" complexity="5" crap="5.03" count="5"/>
      <line num="394" type="stmt" count="5"/>
      <line num="395" type="stmt" count="4"/>
      <line num="398" type="stmt" count="1"/>
      <line num="399" type="stmt" count="1"/>
      <line num="400" type="stmt" count="1"/>
      <line num="401" type="stmt" count="1"/>
      <line num="402" type="stmt" count="1"/>
      <line num="403" type="stmt" count="0"/>
      <line num="407" type="stmt" count="1"/>
      <line num="410" type="method" name="getSecure" visibility="private" complexity="1" crap="1" count="2"/>
      <line num="412" type="stmt" count="2"/>
      <line num="415" type="method" name="getIps" visibility="private" complexity="6" crap="6.02" count="6"/>
      <line num="417" type="stmt" count="6"/>
      <line num="418" type="stmt" count="6"/>
      <line num="419" type="stmt" count="6"/>
      <line num="421" type="stmt" count="6"/>
      <line num="422" type="stmt" count="5"/>
      <line num="423" type="stmt" count="5"/>
      <line num="424" type="stmt" count="0"/>
      <line num="428" type="stmt" count="6"/>
      <line num="429" type="stmt" count="6"/>
      <line num="430" type="stmt" count="1"/>
      <line num="433" type="stmt" count="5"/>
      <line num="434" type="stmt" count="1"/>
      <line num="437" type="stmt" count="5"/>
      <line num="440" type="method" name="getIp" visibility="private" complexity="2" crap="2" count="3"/>
      <line num="442" type="stmt" count="3"/>
      <line num="443" type="stmt" count="3"/>
      <line num="446" type="stmt" count="3"/>
      <line num="449" type="method" name="setIp" visibility="private" complexity="1" crap="1" count="1"/>
      <line num="451" type="stmt" count="1"/>
      <line num="452" type="stmt" count="1"/>
      <line num="454" type="method" name="getSubdomains" visibility="private" complexity="3" crap="3.03" count="1"/>
      <line num="456" type="stmt" count="1"/>
      <line num="457" type="stmt" count="1"/>
      <line num="459" type="stmt" count="1"/>
      <line num="460" type="stmt" count="1"/>
      <line num="463" type="stmt" count="1"/>
      <line num="464" type="stmt" count="1"/>
      <line num="467" type="stmt" count="0"/>
      <line num="470" type="method" name="getAccept" visibility="private" complexity="2" crap="2" count="23"/>
      <line num="472" type="stmt" count="23"/>
      <line num="473" type="stmt" count="23"/>
      <line num="476" type="stmt" count="23"/>
      <line num="479" type="method" name="setAccept" visibility="private" complexity="1" crap="2" count="0"/>
      <line num="481" type="stmt" count="0"/>
      <line num="482" type="stmt" count="0"/>
      <line num="484" type="method" name="accepts" visibility="public" complexity="1" crap="1" count="9"/>
      <line num="486" type="stmt" count="9"/>
      <line num="487" type="stmt" count="9"/>
      <line num="490" type="method" name="acceptsEncodings" visibility="public" complexity="1" crap="1" count="4"/>
      <line num="492" type="stmt" count="4"/>
      <line num="495" type="method" name="acceptsCharsets" visibility="public" complexity="1" crap="1" count="5"/>
      <line num="497" type="stmt" count="5"/>
      <line num="500" type="method" name="acceptsLanguages" visibility="public" complexity="1" crap="1" count="5"/>
      <line num="502" type="stmt" count="5"/>
      <line num="505" type="method" name="is" visibility="public" complexity="1" crap="1" count="6"/>
      <line num="507" type="stmt" count="6"/>
      <line num="508" type="stmt" count="6"/>
      <line num="509" type="stmt" count="6"/>
      <line num="512" type="method" name="getType" visibility="private" complexity="2" crap="2" count="2"/>
      <line num="514" type="stmt" count="2"/>
      <line num="515" type="stmt" count="2"/>
      <line num="516" type="stmt" count="1"/>
      <line num="519" type="stmt" count="1"/>
      <line num="520" type="stmt" count="1"/>
      <line num="523" type="method" name="get" visibility="public" complexity="4" crap="4" count="28"/>
      <line num="525" type="stmt" count="28"/>
      <line num="527" type="stmt" count="28"/>
      <line num="528" type="stmt" count="28"/>
      <line num="529" type="stmt" count="28"/>
      <line num="531" type="stmt" count="1"/>
      <line num="532" type="stmt" count="1"/>
      <line num="536" type="stmt" count="28"/>
      <line num="537" type="stmt" count="28"/>
      <line num="541" type="stmt" count="28"/>
      <line num="542" type="stmt" count="28"/>
      <line num="545" type="stmt" count="1"/>
      <metrics loc="544" ncloc="520" classes="1" methods="41" coveredmethods="31" conditionals="0" coveredconditionals="0" statements="219" coveredstatements="206" elements="260" coveredelements="237"/>
    </file>
    <file name="/Users/wangbinghua/github/press/lib/Respond.php">
      <line num="13" type="stmt" count="6"/>
      <line num="15" type="stmt" count="6"/>
      <line num="16" type="stmt" count="6"/>
      <line num="17" type="stmt" count="6"/>
      <line num="19" type="stmt" count="6"/>
      <line num="20" type="stmt" count="0"/>
      <line num="21" type="stmt" count="0"/>
      <line num="24" type="stmt" count="6"/>
      <line num="25" type="stmt" count="0"/>
      <line num="26" type="stmt" count="0"/>
      <line num="29" type="stmt" count="0"/>
      <line num="32" type="stmt" count="6"/>
      <line num="33" type="stmt" count="6"/>
      <line num="34" type="stmt" count="6"/>
      <line num="35" type="stmt" count="6"/>
      <line num="36" type="stmt" count="6"/>
      <line num="40" type="stmt" count="6"/>
      <line num="41" type="stmt" count="6"/>
      <line num="44" type="stmt" count="6"/>
      <line num="45" type="stmt" count="0"/>
      <line num="46" type="stmt" count="0"/>
      <line num="48" type="stmt" count="6"/>
      <metrics loc="48" ncloc="48" classes="0" methods="0" coveredmethods="0" conditionals="0" coveredconditionals="0" statements="22" coveredstatements="15" elements="22" coveredelements="15"/>
    </file>
    <file name="/Users/wangbinghua/github/press/lib/Response.php">
      <class name="Press\Response" namespace="global">
        <metrics complexity="63" methods="27" coveredmethods="18" conditionals="0" coveredconditionals="0" statements="145" coveredstatements="118" elements="172" coveredelements="136"/>
      </class>
      <line num="53" type="method" name="__get" visibility="public" complexity="12" crap="12.12" count="48"/>
      <line num="55" type="stmt" count="48"/>
      <line num="56" type="stmt" count="0"/>
      <line num="59" type="stmt" count="48"/>
      <line num="60" type="stmt" count="15"/>
      <line num="63" type="stmt" count="37"/>
      <line num="64" type="stmt" count="26"/>
      <line num="67" type="stmt" count="21"/>
      <line num="68" type="stmt" count="2"/>
      <line num="71" type="stmt" count="19"/>
      <line num="72" type="stmt" count="8"/>
      <line num="75" type="stmt" count="18"/>
      <line num="76" type="stmt" count="4"/>
      <line num="79" type="stmt" count="14"/>
      <line num="80" type="stmt" count="6"/>
      <line num="83" type="stmt" count="8"/>
      <line num="84" type="stmt" count="1"/>
      <line num="87" type="stmt" count="7"/>
      <line num="88" type="stmt" count="1"/>
      <line num="91" type="stmt" count="6"/>
      <line num="92" type="stmt" count="6"/>
      <line num="95" type="stmt" count="0"/>
      <line num="98" type="method" name="__set" visibility="public" complexity="9" crap="9" count="36"/>
      <line num="100" type="stmt" count="36"/>
      <line num="101" type="stmt" count="8"/>
      <line num="102" type="stmt" count="31"/>
      <line num="103" type="stmt" count="1"/>
      <line num="104" type="stmt" count="30"/>
      <line num="105" type="stmt" count="14"/>
      <line num="106" type="stmt" count="30"/>
      <line num="107" type="stmt" count="17"/>
      <line num="108" type="stmt" count="30"/>
      <line num="109" type="stmt" count="25"/>
      <line num="110" type="stmt" count="7"/>
      <line num="111" type="stmt" count="1"/>
      <line num="112" type="stmt" count="6"/>
      <line num="113" type="stmt" count="4"/>
      <line num="114" type="stmt" count="2"/>
      <line num="115" type="stmt" count="2"/>
      <line num="117" type="stmt" count="36"/>
      <line num="119" type="method" name="getSocket" visibility="private" complexity="1" crap="2" count="0"/>
      <line num="121" type="stmt" count="0"/>
      <line num="124" type="method" name="getHeaders" visibility="private" complexity="1" crap="1" count="15"/>
      <line num="126" type="stmt" count="15"/>
      <line num="129" type="method" name="getStatus" visibility="private" complexity="1" crap="1" count="26"/>
      <line num="131" type="stmt" count="26"/>
      <line num="134" type="method" name="setStatus" visibility="private" complexity="1" crap="1" count="8"/>
      <line num="136" type="stmt" count="8"/>
      <line num="137" type="stmt" count="8"/>
      <line num="138" type="stmt" count="8"/>
      <line num="140" type="method" name="getMessage" visibility="private" complexity="1" crap="1" count="2"/>
      <line num="142" type="stmt" count="2"/>
      <line num="145" type="method" name="setMessage" visibility="private" complexity="1" crap="1" count="1"/>
      <line num="147" type="stmt" count="1"/>
      <line num="148" type="stmt" count="1"/>
      <line num="149" type="stmt" count="1"/>
      <line num="151" type="method" name="getBody" visibility="private" complexity="1" crap="1" count="8"/>
      <line num="153" type="stmt" count="8"/>
      <line num="156" type="method" name="setBody" visibility="private" complexity="7" crap="7" count="14"/>
      <line num="158" type="stmt" count="14"/>
      <line num="161" type="stmt" count="14"/>
      <line num="162" type="stmt" count="1"/>
      <line num="163" type="stmt" count="1"/>
      <line num="164" type="stmt" count="1"/>
      <line num="165" type="stmt" count="1"/>
      <line num="168" type="stmt" count="14"/>
      <line num="169" type="stmt" count="0"/>
      <line num="172" type="stmt" count="14"/>
      <line num="174" type="stmt" count="14"/>
      <line num="175" type="stmt" count="11"/>
      <line num="176" type="stmt" count="9"/>
      <line num="179" type="stmt" count="11"/>
      <line num="180" type="stmt" count="11"/>
      <line num="182" type="stmt" count="11"/>
      <line num="183" type="stmt" count="11"/>
      <line num="186" type="stmt" count="5"/>
      <line num="187" type="stmt" count="2"/>
      <line num="188" type="stmt" count="2"/>
      <line num="189" type="stmt" count="2"/>
      <line num="190" type="stmt" count="2"/>
      <line num="193" type="stmt" count="4"/>
      <line num="194" type="stmt" count="4"/>
      <line num="195" type="stmt" count="4"/>
      <line num="196" type="stmt" count="4"/>
      <line num="197" type="stmt" count="4"/>
      <line num="199" type="method" name="getLength" visibility="private" complexity="4" crap="4" count="4"/>
      <line num="201" type="stmt" count="4"/>
      <line num="202" type="stmt" count="4"/>
      <line num="203" type="stmt" count="4"/>
      <line num="206" type="stmt" count="1"/>
      <line num="208" type="stmt" count="1"/>
      <line num="209" type="stmt" count="1"/>
      <line num="212" type="stmt" count="1"/>
      <line num="213" type="stmt" count="1"/>
      <line num="214" type="stmt" count="1"/>
      <line num="217" type="stmt" count="1"/>
      <line num="220" type="method" name="setLength" visibility="private" complexity="1" crap="1" count="17"/>
      <line num="222" type="stmt" count="17"/>
      <line num="223" type="stmt" count="17"/>
      <line num="224" type="stmt" count="17"/>
      <line num="226" type="method" name="remove" visibility="public" complexity="2" crap="2.03" count="5"/>
      <line num="228" type="stmt" count="5"/>
      <line num="229" type="stmt" count="0"/>
      <line num="232" type="stmt" count="5"/>
      <line num="233" type="stmt" count="5"/>
      <line num="234" type="stmt" count="5"/>
      <line num="236" type="method" name="has" visibility="public" complexity="1" crap="1" count="18"/>
      <line num="238" type="stmt" count="18"/>
      <line num="241" type="method" name="vary" visibility="public" complexity="2" crap="2.06" count="3"/>
      <line num="243" type="stmt" count="3"/>
      <line num="244" type="stmt" count="0"/>
      <line num="247" type="stmt" count="3"/>
      <line num="248" type="stmt" count="3"/>
      <line num="250" type="method" name="redirect" visibility="public" complexity="4" crap="20" count="0"/>
      <line num="253" type="stmt" count="0"/>
      <line num="254" type="stmt" count="0"/>
      <line num="255" type="stmt" count="0"/>
      <line num="256" type="stmt" count="0"/>
      <line num="259" type="stmt" count="0"/>
      <line num="262" type="stmt" count="0"/>
      <line num="263" type="stmt" count="0"/>
      <line num="267" type="stmt" count="0"/>
      <line num="268" type="stmt" count="0"/>
      <line num="269" type="stmt" count="0"/>
      <line num="270" type="stmt" count="0"/>
      <line num="271" type="stmt" count="0"/>
      <line num="275" type="stmt" count="0"/>
      <line num="276" type="stmt" count="0"/>
      <line num="277" type="stmt" count="0"/>
      <line num="279" type="method" name="attachment" visibility="public" complexity="1" crap="2" count="0"/>
      <line num="282" type="stmt" count="0"/>
      <line num="284" type="stmt" count="0"/>
      <line num="286" type="method" name="getType" visibility="private" complexity="2" crap="2" count="6"/>
      <line num="288" type="stmt" count="6"/>
      <line num="289" type="stmt" count="6"/>
      <line num="290" type="stmt" count="1"/>
      <line num="293" type="stmt" count="5"/>
      <line num="294" type="stmt" count="5"/>
      <line num="297" type="method" name="setType" visibility="private" complexity="2" crap="2.03" count="25"/>
      <line num="299" type="stmt" count="25"/>
      <line num="300" type="stmt" count="25"/>
      <line num="301" type="stmt" count="25"/>
      <line num="303" type="stmt" count="0"/>
      <line num="305" type="stmt" count="25"/>
      <line num="307" type="method" name="getLastModified" visibility="private" complexity="1" crap="1" count="1"/>
      <line num="309" type="stmt" count="1"/>
      <line num="312" type="method" name="setLastModified" visibility="private" complexity="1" crap="1" count="1"/>
      <line num="314" type="stmt" count="1"/>
      <line num="315" type="stmt" count="1"/>
      <line num="317" type="method" name="getEtag" visibility="private" complexity="1" crap="1" count="1"/>
      <line num="319" type="stmt" count="1"/>
      <line num="322" type="method" name="setEtag" visibility="private" complexity="2" crap="2" count="4"/>
      <line num="324" type="stmt" count="4"/>
      <line num="326" type="stmt" count="4"/>
      <line num="327" type="stmt" count="1"/>
      <line num="330" type="stmt" count="4"/>
      <line num="331" type="stmt" count="4"/>
      <line num="333" type="method" name="is" visibility="public" complexity="1" crap="1" count="6"/>
      <line num="335" type="stmt" count="6"/>
      <line num="336" type="stmt" count="6"/>
      <line num="337" type="stmt" count="6"/>
      <line num="340" type="method" name="get" visibility="public" complexity="1" crap="1" count="21"/>
      <line num="342" type="stmt" count="21"/>
      <line num="343" type="stmt" count="21"/>
      <line num="346" type="method" name="set" visibility="public" complexity="1" crap="1" count="46"/>
      <line num="348" type="stmt" count="46"/>
      <line num="349" type="stmt" count="46"/>
      <line num="350" type="stmt" count="46"/>
      <line num="352" type="method" name="append" visibility="public" complexity="1" crap="2" count="0"/>
      <line num="354" type="stmt" count="0"/>
      <line num="355" type="stmt" count="0"/>
      <line num="356" type="stmt" count="0"/>
      <metrics loc="358" ncloc="340" classes="1" methods="27" coveredmethods="18" conditionals="0" coveredconditionals="0" statements="145" coveredstatements="118" elements="172" coveredelements="136"/>
    </file>
    <file name="/Users/wangbinghua/github/press/lib/Utils/Co.php">
      <line num="17" type="stmt" count="3"/>
      <line num="19" type="stmt" count="3"/>
      <line num="20" type="stmt" count="3"/>
      <line num="21" type="stmt" count="0"/>
      <line num="22" type="stmt" count="0"/>
      <line num="24" type="stmt" count="3"/>
      <line num="30" type="stmt" count="3"/>
      <line num="32" type="stmt" count="0"/>
      <line num="33" type="stmt" count="0"/>
      <line num="34" type="stmt" count="0"/>
      <line num="35" type="stmt" count="0"/>
      <line num="37" type="stmt" count="3"/>
      <line num="43" type="stmt" count="3"/>
      <line num="44" type="stmt" count="3"/>
      <line num="47" type="stmt" count="3"/>
      <line num="49" type="stmt" count="3"/>
      <line num="50" type="stmt" count="3"/>
      <line num="53" type="stmt" count="0"/>
      <line num="54" type="stmt" count="0"/>
      <line num="60" type="stmt" count="3"/>
      <line num="61" type="stmt" count="3"/>
      <line num="63" type="stmt" count="3"/>
      <line num="64" type="stmt" count="3"/>
      <line num="65" type="stmt" count="2"/>
      <line num="68" type="stmt" count="3"/>
      <line num="69" type="stmt" count="3"/>
      <line num="76" type="stmt" count="10"/>
      <line num="77" type="stmt" count="9"/>
      <line num="78" type="stmt" count="2"/>
      <line num="79" type="stmt" count="2"/>
      <line num="86" type="stmt" count="3"/>
      <line num="87" type="stmt" count="1"/>
      <line num="90" type="stmt" count="2"/>
      <line num="91" type="stmt" count="0"/>
      <line num="94" type="stmt" count="2"/>
      <line num="99" type="stmt" count="0"/>
      <line num="100" type="stmt" count="0"/>
      <line num="101" type="stmt" count="0"/>
      <line num="104" type="stmt" count="0"/>
      <line num="105" type="stmt" count="0"/>
      <metrics loc="105" ncloc="105" classes="0" methods="0" coveredmethods="0" conditionals="0" coveredconditionals="0" statements="40" coveredstatements="26" elements="40" coveredelements="26"/>
    </file>
    <file name="/Users/wangbinghua/github/press/lib/Utils/Compose.php">
      <line num="10" type="stmt" count="0"/>
      <line num="12" type="stmt" count="0"/>
      <line num="18" type="stmt" count="9"/>
      <line num="19" type="stmt" count="2"/>
      <line num="20" type="stmt" count="0"/>
      <line num="24" type="stmt" count="9"/>
      <line num="26" type="stmt" count="9"/>
      <line num="28" type="stmt" count="9"/>
      <line num="29" type="stmt" count="9"/>
      <line num="35" type="stmt" count="9"/>
      <line num="36" type="stmt" count="0"/>
      <line num="39" type="stmt" count="9"/>
      <line num="41" type="stmt" count="9"/>
      <line num="43" type="stmt" count="9"/>
      <line num="44" type="stmt" count="4"/>
      <line num="47" type="stmt" count="9"/>
      <line num="48" type="stmt" count="4"/>
      <line num="52" type="stmt" count="9"/>
      <line num="53" type="stmt" count="9"/>
      <line num="54" type="stmt" count="1"/>
      <line num="55" type="stmt" count="1"/>
      <line num="56" type="stmt" count="1"/>
      <line num="57" type="stmt" count="9"/>
      <line num="58" type="stmt" count="1"/>
      <line num="59" type="stmt" count="1"/>
      <metrics loc="61" ncloc="60" classes="0" methods="0" coveredmethods="0" conditionals="0" coveredconditionals="0" statements="25" coveredstatements="21" elements="25" coveredelements="21"/>
    </file>
    <file name="/Users/wangbinghua/github/press/lib/Utils/ContentType.php">
      <line num="42" type="stmt" count="31"/>
      <line num="43" type="stmt" count="1"/>
      <line num="45" type="stmt" count="31"/>
      <line num="47" type="stmt" count="31"/>
      <line num="48" type="stmt" count="31"/>
      <line num="50" type="stmt" count="31"/>
      <line num="52" type="stmt" count="31"/>
      <line num="53" type="stmt" count="3"/>
      <line num="56" type="stmt" count="28"/>
      <line num="59" type="stmt" count="28"/>
      <line num="60" type="stmt" count="6"/>
      <line num="61" type="stmt" count="6"/>
      <line num="62" type="stmt" count="6"/>
      <line num="64" type="stmt" count="6"/>
      <line num="65" type="stmt" count="1"/>
      <line num="68" type="stmt" count="5"/>
      <line num="69" type="stmt" count="4"/>
      <line num="73" type="stmt" count="26"/>
      <line num="83" type="stmt" count="47"/>
      <line num="84" type="stmt" count="47"/>
      <line num="86" type="stmt" count="46"/>
      <line num="87" type="stmt" count="0"/>
      <line num="90" type="stmt" count="46"/>
      <line num="91" type="stmt" count="46"/>
      <line num="92" type="stmt" count="46"/>
      <line num="94" type="stmt" count="46"/>
      <line num="95" type="stmt" count="46"/>
      <line num="96" type="stmt" count="13"/>
      <line num="99" type="stmt" count="33"/>
      <line num="101" type="stmt" count="33"/>
      <line num="102" type="stmt" count="9"/>
      <line num="103" type="stmt" count="9"/>
      <line num="104" type="stmt" count="0"/>
      <line num="107" type="stmt" count="9"/>
      <line num="108" type="stmt" count="9"/>
      <line num="109" type="stmt" count="1"/>
      <line num="112" type="stmt" count="8"/>
      <line num="113" type="stmt" count="8"/>
      <line num="114" type="stmt" count="8"/>
      <line num="116" type="stmt" count="8"/>
      <line num="118" type="stmt" count="3"/>
      <line num="119" type="stmt" count="3"/>
      <line num="122" type="stmt" count="8"/>
      <line num="125" type="stmt" count="8"/>
      <line num="126" type="stmt" count="0"/>
      <line num="130" type="stmt" count="32"/>
      <line num="140" type="stmt" count="33"/>
      <line num="141" type="stmt" count="33"/>
      <line num="152" type="stmt" count="4"/>
      <line num="154" type="stmt" count="4"/>
      <line num="155" type="stmt" count="1"/>
      <line num="158" type="stmt" count="3"/>
      <line num="169" type="stmt" count="5"/>
      <line num="170" type="stmt" count="5"/>
      <line num="171" type="stmt" count="2"/>
      <line num="174" type="stmt" count="3"/>
      <line num="175" type="stmt" count="2"/>
      <line num="176" type="stmt" count="2"/>
      <line num="177" type="stmt" count="1"/>
      <line num="181" type="stmt" count="2"/>
      <line num="182" type="stmt" count="2"/>
      <metrics loc="183" ncloc="147" classes="0" methods="0" coveredmethods="0" conditionals="0" coveredconditionals="0" statements="61" coveredstatements="58" elements="61" coveredelements="58"/>
    </file>
    <file name="/Users/wangbinghua/github/press/lib/Utils/Delegates.php">
      <class name="Press\Utils\Delegates" namespace="global">
        <metrics complexity="9" methods="6" coveredmethods="2" conditionals="0" coveredconditionals="0" statements="26" coveredstatements="22" elements="32" coveredelements="24"/>
      </class>
      <line num="21" type="method" name="__construct" visibility="public" complexity="1" crap="1" count="3"/>
      <line num="23" type="stmt" count="3"/>
      <line num="24" type="stmt" count="3"/>
      <line num="25" type="stmt" count="3"/>
      <line num="27" type="method" name="method" visibility="public" complexity="2" crap="2.01" count="1"/>
      <line num="29" type="stmt" count="1"/>
      <line num="30" type="stmt" count="1"/>
      <line num="32" type="stmt" count="1"/>
      <line num="33" type="stmt" count="1"/>
      <line num="34" type="stmt" count="1"/>
      <line num="35" type="stmt" count="0"/>
      <line num="38" type="stmt" count="1"/>
      <line num="41" type="stmt" count="1"/>
      <line num="44" type="method" name="getter" visibility="public" complexity="2" crap="2.03" count="1"/>
      <line num="46" type="stmt" count="1"/>
      <line num="47" type="stmt" count="1"/>
      <line num="48" type="stmt" count="0"/>
      <line num="50" type="stmt" count="1"/>
      <line num="53" type="stmt" count="1"/>
      <line num="56" type="method" name="setter" visibility="public" complexity="1" crap="2" count="0"/>
      <line num="58" type="stmt" count="0"/>
      <line num="61" type="method" name="access" visibility="public" complexity="1" crap="2" count="0"/>
      <line num="63" type="stmt" count="0"/>
      <line num="66" type="method" name="fluent" visibility="public" complexity="2" crap="2" count="1"/>
      <line num="68" type="stmt" count="1"/>
      <line num="69" type="stmt" count="1"/>
      <line num="71" type="stmt" count="1"/>
      <line num="72" type="stmt" count="1"/>
      <line num="73" type="stmt" count="1"/>
      <line num="74" type="stmt" count="1"/>
      <line num="76" type="stmt" count="1"/>
      <line num="80" type="stmt" count="1"/>
      <line num="83" type="stmt" count="1"/>
      <metrics loc="82" ncloc="82" classes="1" methods="6" coveredmethods="2" conditionals="0" coveredconditionals="0" statements="26" coveredstatements="22" elements="32" coveredelements="24"/>
    </file>
    <file name="/Users/wangbinghua/github/press/lib/Utils/Fresh.php">
      <line num="13" type="stmt" count="26"/>
      <line num="14" type="stmt" count="26"/>
      <line num="17" type="stmt" count="26"/>
      <line num="18" type="stmt" count="2"/>
      <line num="23" type="stmt" count="24"/>
      <line num="24" type="stmt" count="24"/>
      <line num="25" type="stmt" count="2"/>
      <line num="26" type="stmt" count="0"/>
      <line num="28" type="stmt" count="2"/>
      <line num="29" type="stmt" count="2"/>
      <line num="30" type="stmt" count="2"/>
      <line num="35" type="stmt" count="22"/>
      <line num="36" type="stmt" count="3"/>
      <line num="39" type="stmt" count="22"/>
      <line num="40" type="stmt" count="16"/>
      <line num="42" type="stmt" count="16"/>
      <line num="43" type="stmt" count="1"/>
      <line num="44" type="stmt" count="15"/>
      <line num="45" type="stmt" count="3"/>
      <line num="48" type="stmt" count="15"/>
      <line num="49" type="stmt" count="15"/>
      <line num="50" type="stmt" count="15"/>
      <line num="51" type="stmt" count="15"/>
      <line num="52" type="stmt" count="10"/>
      <line num="53" type="stmt" count="10"/>
      <line num="57" type="stmt" count="15"/>
      <line num="58" type="stmt" count="5"/>
      <line num="63" type="stmt" count="16"/>
      <line num="64" type="stmt" count="7"/>
      <line num="65" type="stmt" count="7"/>
      <line num="66" type="stmt" count="0"/>
      <line num="69" type="stmt" count="7"/>
      <line num="71" type="stmt" count="7"/>
      <line num="72" type="stmt" count="5"/>
      <line num="76" type="stmt" count="11"/>
      <line num="82" type="stmt" count="15"/>
      <line num="83" type="stmt" count="15"/>
      <line num="84" type="stmt" count="15"/>
      <line num="87" type="stmt" count="15"/>
      <line num="88" type="stmt" count="15"/>
      <line num="89" type="stmt" count="15"/>
      <line num="90" type="stmt" count="15"/>
      <line num="91" type="stmt" count="2"/>
      <line num="92" type="stmt" count="2"/>
      <line num="94" type="stmt" count="2"/>
      <line num="95" type="stmt" count="15"/>
      <line num="96" type="stmt" count="2"/>
      <line num="97" type="stmt" count="2"/>
      <line num="98" type="stmt" count="2"/>
      <line num="100" type="stmt" count="15"/>
      <line num="101" type="stmt" count="15"/>
      <line num="106" type="stmt" count="15"/>
      <line num="108" type="stmt" count="15"/>
      <line num="114" type="stmt" count="6"/>
      <line num="115" type="stmt" count="6"/>
      <line num="117" type="stmt" count="6"/>
      <line num="118" type="stmt" count="2"/>
      <line num="121" type="stmt" count="4"/>
      <metrics loc="122" ncloc="112" classes="0" methods="0" coveredmethods="0" conditionals="0" coveredconditionals="0" statements="58" coveredstatements="56" elements="58" coveredelements="56"/>
    </file>
    <file name="/Users/wangbinghua/github/press/lib/Utils/MediaTyper.php">
      <class name="Press\Utils\MediaTyper" namespace="global">
        <metrics complexity="40" methods="5" coveredmethods="1" conditionals="0" coveredconditionals="0" statements="83" coveredstatements="50" elements="88" coveredelements="51"/>
      </class>
      <line num="34" type="stmt" count="1"/>
      <line num="35" type="stmt" count="1"/>
      <line num="36" type="stmt" count="1"/>
      <line num="44" type="stmt" count="1"/>
      <line num="49" type="stmt" count="1"/>
      <line num="67" type="stmt" count="1"/>
      <line num="68" type="stmt" count="1"/>
      <line num="69" type="stmt" count="1"/>
      <line num="75" type="method" name="format" visibility="public" complexity="18" crap="22.62" count="7"/>
      <line num="77" type="stmt" count="7"/>
      <line num="78" type="stmt" count="7"/>
      <line num="79" type="stmt" count="7"/>
      <line num="80" type="stmt" count="7"/>
      <line num="82" type="stmt" count="7"/>
      <line num="83" type="stmt" count="3"/>
      <line num="84" type="stmt" count="3"/>
      <line num="87" type="stmt" count="4"/>
      <line num="88" type="stmt" count="4"/>
      <line num="90" type="stmt" count="4"/>
      <line num="91" type="stmt" count="4"/>
      <line num="93" type="stmt" count="4"/>
      <line num="94" type="stmt" count="1"/>
      <line num="95" type="stmt" count="1"/>
      <line num="98" type="stmt" count="3"/>
      <line num="100" type="stmt" count="3"/>
      <line num="101" type="stmt" count="2"/>
      <line num="102" type="stmt" count="2"/>
      <line num="104" type="stmt" count="1"/>
      <line num="107" type="stmt" count="3"/>
      <line num="108" type="stmt" count="2"/>
      <line num="109" type="stmt" count="1"/>
      <line num="111" type="stmt" count="1"/>
      <line num="114" type="stmt" count="2"/>
      <line num="115" type="stmt" count="0"/>
      <line num="116" type="stmt" count="0"/>
      <line num="118" type="stmt" count="0"/>
      <line num="119" type="stmt" count="0"/>
      <line num="120" type="stmt" count="0"/>
      <line num="121" type="stmt" count="0"/>
      <line num="124" type="stmt" count="0"/>
      <line num="125" type="stmt" count="0"/>
      <line num="129" type="stmt" count="2"/>
      <line num="137" type="method" name="qstring" visibility="private" complexity="4" crap="20" count="0"/>
      <line num="139" type="stmt" count="0"/>
      <line num="140" type="stmt" count="0"/>
      <line num="141" type="stmt" count="0"/>
      <line num="144" type="stmt" count="0"/>
      <line num="145" type="stmt" count="0"/>
      <line num="146" type="stmt" count="0"/>
      <line num="149" type="stmt" count="0"/>
      <line num="150" type="stmt" count="0"/>
      <line num="158" type="method" name="splitType" visibility="private" complexity="3" crap="3" count="11"/>
      <line num="160" type="stmt" count="11"/>
      <line num="162" type="stmt" count="11"/>
      <line num="163" type="stmt" count="10"/>
      <line num="166" type="stmt" count="1"/>
      <line num="167" type="stmt" count="1"/>
      <line num="169" type="stmt" count="1"/>
      <line num="170" type="stmt" count="1"/>
      <line num="171" type="stmt" count="1"/>
      <line num="172" type="stmt" count="1"/>
      <line num="173" type="stmt" count="1"/>
      <line num="177" type="stmt" count="1"/>
      <line num="178" type="stmt" count="1"/>
      <line num="179" type="stmt" count="1"/>
      <line num="183" type="method" name="parse" visibility="public" complexity="10" crap="22.50" count="11"/>
      <line num="185" type="stmt" count="11"/>
      <line num="186" type="stmt" count="0"/>
      <line num="189" type="stmt" count="11"/>
      <line num="190" type="stmt" count="0"/>
      <line num="193" type="stmt" count="11"/>
      <line num="194" type="stmt" count="11"/>
      <line num="195" type="stmt" count="11"/>
      <line num="197" type="stmt" count="11"/>
      <line num="199" type="stmt" count="1"/>
      <line num="200" type="stmt" count="1"/>
      <line num="202" type="stmt" count="1"/>
      <line num="203" type="stmt" count="0"/>
      <line num="204" type="stmt" count="0"/>
      <line num="207" type="stmt" count="0"/>
      <line num="208" type="stmt" count="0"/>
      <line num="209" type="stmt" count="0"/>
      <line num="211" type="stmt" count="0"/>
      <line num="213" type="stmt" count="0"/>
      <line num="214" type="stmt" count="0"/>
      <line num="217" type="stmt" count="0"/>
      <line num="220" type="stmt" count="1"/>
      <line num="221" type="stmt" count="0"/>
      <line num="224" type="stmt" count="1"/>
      <line num="226" type="stmt" count="1"/>
      <line num="234" type="method" name="getContentType" visibility="private" complexity="5" crap="30" count="0"/>
      <line num="236" type="stmt" count="0"/>
      <line num="237" type="stmt" count="0"/>
      <line num="240" type="stmt" count="0"/>
      <line num="241" type="stmt" count="0"/>
      <line num="243" type="stmt" count="0"/>
      <line num="244" type="stmt" count="1"/>
      <metrics loc="243" ncloc="179" classes="1" methods="5" coveredmethods="1" conditionals="0" coveredconditionals="0" statements="91" coveredstatements="58" elements="96" coveredelements="59"/>
    </file>
    <file name="/Users/wangbinghua/github/press/lib/Utils/TypeIs.php">
      <line num="29" type="stmt" count="22"/>
      <line num="32" type="stmt" count="22"/>
      <line num="33" type="stmt" count="2"/>
      <line num="37" type="stmt" count="20"/>
      <line num="38" type="stmt" count="14"/>
      <line num="39" type="stmt" count="14"/>
      <line num="40" type="stmt" count="14"/>
      <line num="41" type="stmt" count="14"/>
      <line num="42" type="stmt" count="14"/>
      <line num="47" type="stmt" count="20"/>
      <line num="48" type="stmt" count="3"/>
      <line num="51" type="stmt" count="17"/>
      <line num="52" type="stmt" count="17"/>
      <line num="53" type="stmt" count="17"/>
      <line num="54" type="stmt" count="17"/>
      <line num="55" type="stmt" count="17"/>
      <line num="60" type="stmt" count="7"/>
      <line num="66" type="stmt" count="0"/>
      <line num="82" type="stmt" count="20"/>
      <line num="83" type="stmt" count="4"/>
      <line num="86" type="stmt" count="16"/>
      <line num="87" type="stmt" count="16"/>
      <line num="88" type="stmt" count="3"/>
      <line num="89" type="stmt" count="3"/>
      <line num="90" type="stmt" count="3"/>
      <line num="95" type="stmt" count="16"/>
      <line num="97" type="stmt" count="16"/>
      <line num="98" type="stmt" count="5"/>
      <line num="101" type="stmt" count="16"/>
      <line num="112" type="stmt" count="21"/>
      <line num="124" type="stmt" count="22"/>
      <line num="125" type="stmt" count="2"/>
      <line num="126" type="stmt" count="2"/>
      <line num="139" type="stmt" count="22"/>
      <line num="140" type="stmt" count="0"/>
      <line num="144" type="stmt" count="22"/>
      <line num="147" type="stmt" count="20"/>
      <line num="150" type="stmt" count="20"/>
      <line num="156" type="stmt" count="0"/>
      <line num="171" type="stmt" count="17"/>
      <line num="172" type="stmt" count="1"/>
      <line num="176" type="stmt" count="17"/>
      <line num="177" type="stmt" count="17"/>
      <line num="180" type="stmt" count="17"/>
      <line num="181" type="stmt" count="0"/>
      <line num="185" type="stmt" count="17"/>
      <line num="186" type="stmt" count="7"/>
      <line num="190" type="stmt" count="17"/>
      <line num="191" type="stmt" count="1"/>
      <line num="192" type="stmt" count="1"/>
      <line num="196" type="stmt" count="17"/>
      <line num="197" type="stmt" count="10"/>
      <line num="200" type="stmt" count="17"/>
      <line num="206" type="stmt" count="17"/>
      <line num="207" type="stmt" count="0"/>
      <line num="210" type="stmt" count="17"/>
      <line num="211" type="stmt" count="17"/>
      <line num="212" type="stmt" count="3"/>
      <line num="213" type="stmt" count="17"/>
      <line num="214" type="stmt" count="1"/>
      <line num="217" type="stmt" count="17"/>
      <line num="219" type="stmt" count="1"/>
      <line num="222" type="stmt" count="17"/>
      <metrics loc="222" ncloc="175" classes="0" methods="0" coveredmethods="0" conditionals="0" coveredconditionals="0" statements="63" coveredstatements="58" elements="63" coveredelements="58"/>
    </file>
    <file name="/Users/wangbinghua/github/press/lib/Utils/Vary.php">
      <line num="22" type="stmt" count="3"/>
      <line num="25" type="stmt" count="3"/>
      <line num="26" type="stmt" count="3"/>
      <line num="27" type="stmt" count="3"/>
      <line num="28" type="stmt" count="0"/>
      <line num="33" type="stmt" count="3"/>
      <line num="34" type="stmt" count="0"/>
      <line num="38" type="stmt" count="3"/>
      <line num="39" type="stmt" count="3"/>
      <line num="42" type="stmt" count="3"/>
      <line num="43" type="stmt" count="0"/>
      <line num="46" type="stmt" count="3"/>
      <line num="47" type="stmt" count="3"/>
      <line num="50" type="stmt" count="3"/>
      <line num="51" type="stmt" count="3"/>
      <line num="52" type="stmt" count="3"/>
      <line num="56" type="stmt" count="3"/>
      <line num="65" type="stmt" count="3"/>
      <line num="66" type="stmt" count="3"/>
      <line num="67" type="stmt" count="3"/>
      <line num="68" type="stmt" count="3"/>
      <line num="70" type="stmt" count="3"/>
      <line num="71" type="stmt" count="3"/>
      <line num="73" type="stmt" count="3"/>
      <line num="74" type="stmt" count="1"/>
      <line num="75" type="stmt" count="1"/>
      <line num="77" type="stmt" count="1"/>
      <line num="79" type="stmt" count="3"/>
      <line num="80" type="stmt" count="1"/>
      <line num="81" type="stmt" count="1"/>
      <line num="82" type="stmt" count="1"/>
      <line num="84" type="stmt" count="3"/>
      <line num="85" type="stmt" count="3"/>
      <line num="90" type="stmt" count="3"/>
      <line num="92" type="stmt" count="3"/>
      <line num="103" type="stmt" count="3"/>
      <line num="104" type="stmt" count="3"/>
      <line num="105" type="stmt" count="3"/>
      <line num="107" type="stmt" count="3"/>
      <line num="108" type="stmt" count="3"/>
      <line num="110" type="stmt" count="3"/>
      <metrics loc="112" ncloc="89" classes="0" methods="0" coveredmethods="0" conditionals="0" coveredconditionals="0" statements="41" coveredstatements="38" elements="41" coveredelements="38"/>
    </file>
    <file name="/Users/wangbinghua/github/press/lib/functions_include.php">
      <line num="3" type="stmt" count="0"/>
      <line num="4" type="stmt" count="0"/>
      <line num="7" type="stmt" count="0"/>
      <line num="8" type="stmt" count="0"/>
      <line num="11" type="stmt" count="0"/>
      <line num="12" type="stmt" count="0"/>
      <line num="15" type="stmt" count="0"/>
      <line num="18" type="stmt" count="0"/>
      <line num="21" type="stmt" count="0"/>
      <line num="24" type="stmt" count="0"/>
      <line num="27" type="stmt" count="0"/>
      <line num="28" type="stmt" count="0"/>
      <line num="31" type="stmt" count="0"/>
      <line num="34" type="stmt" count="0"/>
      <metrics loc="34" ncloc="34" classes="0" methods="0" coveredmethods="0" conditionals="0" coveredconditionals="0" statements="14" coveredstatements="0" elements="14" coveredelements="0"/>
    </file>
    <metrics files="14" loc="2492" ncloc="2241" classes="6" methods="93" coveredmethods="61" conditionals="0" coveredconditionals="0" statements="997" coveredstatements="841" elements="1090" coveredelements="902"/>
  </project>
</coverage>
